#
# There is insufficient memory for the Java Runtime Environment to continue.
# Native memory allocation (malloc) failed to allocate 2283440 bytes for Chunk::new
# Possible reasons:
#   The system is out of physical RAM or swap space
#   The process is running with CompressedOops enabled, and the Java Heap may be blocking the growth of the native heap
# Possible solutions:
#   Reduce memory load on the system
#   Increase physical memory or swap space
#   Check if swap backing store is full
#   Decrease Java heap size (-Xmx/-Xms)
#   Decrease number of Java threads
#   Decrease Java thread stack sizes (-Xss)
#   Set larger code cache with -XX:ReservedCodeCacheSize=
#   JVM is running with Unscaled Compressed Oops mode in which the Java heap is
#     placed in the first 4GB address space. The Java Heap base address is the
#     maximum limit for the native heap growth. Please use -XX:HeapBaseMinAddress
#     to set the Java Heap base and to place the Java Heap above 4GB virtual address.
# This output file may be truncated or incomplete.
#
#  Out of Memory Error (arena.cpp:189), pid=2836, tid=9548
#
# JRE version: Java(TM) SE Runtime Environment (17.0.10+11) (build 17.0.10+11-LTS-240)
# Java VM: Java HotSpot(TM) 64-Bit Server VM (17.0.10+11-LTS-240, mixed mode, sharing, tiered, compressed oops, compressed class ptrs, g1 gc, windows-amd64)
# No core dump will be written. Minidumps are not enabled by default on client versions of Windows
#

---------------  S U M M A R Y ------------

Command Line: -javaagent:C:\Program Files\JetBrains\IntelliJ IDEA Community Edition 2024.3\lib\idea_rt.jar=53449:C:\Program Files\JetBrains\IntelliJ IDEA Community Edition 2024.3\bin -Dfile.encoding=UTF-8 com.example.MappingdecApplication

Host: Intel(R) Core(TM) i5-10210U CPU @ 1.60GHz, 8 cores, 3G,  Windows 11 , 64 bit Build 26100 (10.0.26100.2454)
Time: Wed Dec 18 04:04:20 2024 India Standard Time elapsed time: 27.161658 seconds (0d 0h 0m 27s)

---------------  T H R E A D  ---------------

Current thread (0x00000153500202a0):  JavaThread "C2 CompilerThread0" daemon [_thread_in_native, id=9548, stack(0x0000003710e00000,0x0000003710f00000)]


Current CompileTask:
C2:  27161 5545   !   4       org.springframework.core.annotation.AnnotationsScanner::processClassHierarchy (234 bytes)

Stack: [0x0000003710e00000,0x0000003710f00000]
Native frames: (J=compiled Java code, j=interpreted, Vv=VM code, C=native code)
V  [jvm.dll+0x677a5a]
V  [jvm.dll+0x7d8b2d]
V  [jvm.dll+0x7da48e]
V  [jvm.dll+0x7daaf3]
V  [jvm.dll+0x2455ff]
V  [jvm.dll+0xaaafb]
V  [jvm.dll+0xab09c]
V  [jvm.dll+0x361bae]
V  [jvm.dll+0x1bb3ca]
V  [jvm.dll+0x217aa7]
V  [jvm.dll+0x216d81]
V  [jvm.dll+0x1a3410]
V  [jvm.dll+0x226aeb]
V  [jvm.dll+0x224cab]
V  [jvm.dll+0x78e45c]
V  [jvm.dll+0x78888a]
V  [jvm.dll+0x676935]
C  [ucrtbase.dll+0x14ea0]
C  [KERNEL32.DLL+0x2e8d7]
C  [ntdll.dll+0xdfbcc]


---------------  P R O C E S S  ---------------

Threads class SMR info:
_java_thread_list=0x00000153961ca650, length=31, elements={
0x000001534ffff380, 0x0000015350002350, 0x000001535001c290, 0x000001535001cb60,
0x000001535001db30, 0x000001535001f500, 0x00000153500202a0, 0x0000015350025170,
0x0000015350026e90, 0x00000153502337e0, 0x00000153504be5f0, 0x00000153503eee80,
0x00000153971c7470, 0x000001539755f870, 0x0000015397375510, 0x0000015396998c60,
0x0000015396998240, 0x0000015397d5dde0, 0x0000015396997d30, 0x0000015396999170,
0x0000015396998750, 0x000001539699a0a0, 0x0000015396999680, 0x0000015396997310,
0x0000015396999b90, 0x0000015396997820, 0x00000153969968f0, 0x0000015396996e00,
0x000001539932a570, 0x000001539932aa80, 0x000001539932bec0
}

Java Threads: ( => current thread )
  0x000001534ffff380 JavaThread "Reference Handler" daemon [_thread_blocked, id=12940, stack(0x0000003710800000,0x0000003710900000)]
  0x0000015350002350 JavaThread "Finalizer" daemon [_thread_blocked, id=12960, stack(0x0000003710900000,0x0000003710a00000)]
  0x000001535001c290 JavaThread "Signal Dispatcher" daemon [_thread_blocked, id=3548, stack(0x0000003710a00000,0x0000003710b00000)]
  0x000001535001cb60 JavaThread "Attach Listener" daemon [_thread_blocked, id=18240, stack(0x0000003710b00000,0x0000003710c00000)]
  0x000001535001db30 JavaThread "Service Thread" daemon [_thread_blocked, id=17476, stack(0x0000003710c00000,0x0000003710d00000)]
  0x000001535001f500 JavaThread "Monitor Deflation Thread" daemon [_thread_blocked, id=17184, stack(0x0000003710d00000,0x0000003710e00000)]
=>0x00000153500202a0 JavaThread "C2 CompilerThread0" daemon [_thread_in_native, id=9548, stack(0x0000003710e00000,0x0000003710f00000)]
  0x0000015350025170 JavaThread "C1 CompilerThread0" daemon [_thread_blocked, id=16592, stack(0x0000003710f00000,0x0000003711000000)]
  0x0000015350026e90 JavaThread "Sweeper thread" daemon [_thread_blocked, id=3900, stack(0x0000003711000000,0x0000003711100000)]
  0x00000153502337e0 JavaThread "Common-Cleaner" daemon [_thread_blocked, id=2016, stack(0x0000003711100000,0x0000003711200000)]
  0x00000153504be5f0 JavaThread "Monitor Ctrl-Break" daemon [_thread_in_native, id=2164, stack(0x0000003711200000,0x0000003711300000)]
  0x00000153503eee80 JavaThread "Notification Thread" daemon [_thread_blocked, id=14548, stack(0x0000003711300000,0x0000003711400000)]
  0x00000153971c7470 JavaThread "Catalina-utility-1" [_thread_blocked, id=15672, stack(0x0000003711d00000,0x0000003711e00000)]
  0x000001539755f870 JavaThread "Catalina-utility-2" [_thread_blocked, id=14668, stack(0x0000003711e00000,0x0000003711f00000)]
  0x0000015397375510 JavaThread "container-0" [_thread_blocked, id=12624, stack(0x0000003711f00000,0x0000003712000000)]
  0x0000015396998c60 JavaThread "mysql-cj-abandoned-connection-cleanup" daemon [_thread_blocked, id=12744, stack(0x0000003712000000,0x0000003712100000)]
  0x0000015396998240 JavaThread "HikariPool-1 housekeeper" daemon [_thread_blocked, id=11500, stack(0x0000003712200000,0x0000003712300000)]
  0x0000015397d5dde0 JavaThread "C2 CompilerThread1" daemon [_thread_in_native, id=18308, stack(0x0000003712300000,0x0000003712400000)]
  0x0000015396997d30 JavaThread "http-nio-8081-exec-1" daemon [_thread_blocked, id=8880, stack(0x0000003712400000,0x0000003712500000)]
  0x0000015396999170 JavaThread "http-nio-8081-exec-2" daemon [_thread_blocked, id=6024, stack(0x0000003712500000,0x0000003712600000)]
  0x0000015396998750 JavaThread "http-nio-8081-exec-3" daemon [_thread_blocked, id=14652, stack(0x0000003712600000,0x0000003712700000)]
  0x000001539699a0a0 JavaThread "http-nio-8081-exec-4" daemon [_thread_blocked, id=4696, stack(0x0000003712700000,0x0000003712800000)]
  0x0000015396999680 JavaThread "http-nio-8081-exec-5" daemon [_thread_blocked, id=12752, stack(0x0000003712800000,0x0000003712900000)]
  0x0000015396997310 JavaThread "http-nio-8081-exec-6" daemon [_thread_blocked, id=1272, stack(0x0000003712900000,0x0000003712a00000)]
  0x0000015396999b90 JavaThread "http-nio-8081-exec-7" daemon [_thread_blocked, id=18264, stack(0x0000003712a00000,0x0000003712b00000)]
  0x0000015396997820 JavaThread "http-nio-8081-exec-8" daemon [_thread_blocked, id=10320, stack(0x0000003712b00000,0x0000003712c00000)]
  0x00000153969968f0 JavaThread "http-nio-8081-exec-9" daemon [_thread_blocked, id=18080, stack(0x0000003712c00000,0x0000003712d00000)]
  0x0000015396996e00 JavaThread "http-nio-8081-exec-10" daemon [_thread_blocked, id=14012, stack(0x0000003712d00000,0x0000003712e00000)]
  0x000001539932a570 JavaThread "http-nio-8081-Poller" daemon [_thread_in_native, id=11464, stack(0x0000003712e00000,0x0000003712f00000)]
  0x000001539932aa80 JavaThread "http-nio-8081-Acceptor" daemon [_thread_in_native, id=15308, stack(0x0000003712f00000,0x0000003713000000)]
  0x000001539932bec0 JavaThread "DestroyJavaVM" [_thread_blocked, id=6076, stack(0x0000003710100000,0x0000003710200000)]

Other Threads:
  0x000001534fffb140 VMThread "VM Thread" [stack: 0x0000003710700000,0x0000003710800000] [id=15512]
  0x000001533468d240 WatcherThread [stack: 0x0000003711400000,0x0000003711500000] [id=11364]
  0x0000015334635c90 GCTaskThread "GC Thread#0" [stack: 0x0000003710200000,0x0000003710300000] [id=17600]
  0x0000015350ba2dd0 GCTaskThread "GC Thread#1" [stack: 0x0000003711500000,0x0000003711600000] [id=15428]
  0x0000015350d41910 GCTaskThread "GC Thread#2" [stack: 0x0000003711600000,0x0000003711700000] [id=2520]
  0x0000015350d41bd0 GCTaskThread "GC Thread#3" [stack: 0x0000003711700000,0x0000003711800000] [id=17204]
  0x0000015350d422a0 GCTaskThread "GC Thread#4" [stack: 0x0000003711800000,0x0000003711900000] [id=992]
  0x0000015350d42d80 GCTaskThread "GC Thread#5" [stack: 0x0000003711900000,0x0000003711a00000] [id=18288]
  0x0000015396101710 GCTaskThread "GC Thread#6" [stack: 0x0000003711b00000,0x0000003711c00000] [id=17520]
  0x0000015350c4ca30 GCTaskThread "GC Thread#7" [stack: 0x0000003711c00000,0x0000003711d00000] [id=11164]
  0x000001533463fa50 ConcurrentGCThread "G1 Main Marker" [stack: 0x0000003710300000,0x0000003710400000] [id=14128]
  0x0000015334641470 ConcurrentGCThread "G1 Conc#0" [stack: 0x0000003710400000,0x0000003710500000] [id=16496]
  0x000001539638d9c0 ConcurrentGCThread "G1 Conc#1" [stack: 0x0000003711a00000,0x0000003711b00000] [id=17072]
  0x00000153346bc460 ConcurrentGCThread "G1 Refine#0" [stack: 0x0000003710500000,0x0000003710600000] [id=7512]
  0x000001534fea0080 ConcurrentGCThread "G1 Service" [stack: 0x0000003710600000,0x0000003710700000] [id=15464]

Threads with active compile tasks:
C2 CompilerThread0    27232 5545   !   4       org.springframework.core.annotation.AnnotationsScanner::processClassHierarchy (234 bytes)
C2 CompilerThread1    27232 5552   !   4       org.springframework.core.annotation.AnnotationsScanner::processMethodHierarchy (276 bytes)

VM state: not at safepoint (normal execution)

VM Mutex/Monitor currently owned by a thread: None

Heap address: 0x00000000c3000000, size: 976 MB, Compressed Oops mode: 32-bit

CDS archive(s) mapped at: [0x0000015351000000-0x0000015351bd0000-0x0000015351bd0000), size 12386304, SharedBaseAddress: 0x0000015351000000, ArchiveRelocationMode: 1.
Compressed class space mapped at: 0x0000015352000000-0x0000015392000000, reserved size: 1073741824
Narrow klass base: 0x0000015351000000, Narrow klass shift: 0, Narrow klass range: 0x100000000

GC Precious Log:
 CPUs: 8 total, 8 available
 Memory: 3899M
 Large Page Support: Disabled
 NUMA Support: Disabled
 Compressed Oops: Enabled (32-bit)
 Heap Region Size: 1M
 Heap Min Capacity: 8M
 Heap Initial Capacity: 62M
 Heap Max Capacity: 976M
 Pre-touch: Disabled
 Parallel Workers: 8
 Concurrent Workers: 2
 Concurrent Refinement Workers: 8
 Periodic GC: Disabled

Heap:
 garbage-first heap   total 55296K, used 41924K [0x00000000c3000000, 0x0000000100000000)
  region size 1024K, 20 young (20480K), 3 survivors (3072K)
 Metaspace       used 63615K, committed 64256K, reserved 1114112K
  class space    used 8598K, committed 8896K, reserved 1048576K

Heap Regions: E=young(eden), S=young(survivor), O=old, HS=humongous(starts), HC=humongous(continues), CS=collection set, F=free, OA=open archive, CA=closed archive, TAMS=top-at-mark-start (previous, next)
|   0|0x00000000c3000000, 0x00000000c3100000, 0x00000000c3100000|100%|HS|  |TAMS 0x00000000c3100000, 0x00000000c3000000| Complete 
|   1|0x00000000c3100000, 0x00000000c3200000, 0x00000000c3200000|100%|HS|  |TAMS 0x00000000c3200000, 0x00000000c3100000| Complete 
|   2|0x00000000c3200000, 0x00000000c3300000, 0x00000000c3300000|100%| O|  |TAMS 0x00000000c3300000, 0x00000000c3200000| Untracked 
|   3|0x00000000c3300000, 0x00000000c3400000, 0x00000000c3400000|100%| O|  |TAMS 0x00000000c3400000, 0x00000000c3300000| Untracked 
|   4|0x00000000c3400000, 0x00000000c3500000, 0x00000000c3500000|100%| O|  |TAMS 0x00000000c3500000, 0x00000000c3400000| Untracked 
|   5|0x00000000c3500000, 0x00000000c3600000, 0x00000000c3600000|100%| O|  |TAMS 0x00000000c3600000, 0x00000000c3500000| Untracked 
|   6|0x00000000c3600000, 0x00000000c3700000, 0x00000000c3700000|100%| O|  |TAMS 0x00000000c3700000, 0x00000000c3600000| Untracked 
|   7|0x00000000c3700000, 0x00000000c3800000, 0x00000000c3800000|100%| O|  |TAMS 0x00000000c3800000, 0x00000000c3700000| Untracked 
|   8|0x00000000c3800000, 0x00000000c3900000, 0x00000000c3900000|100%| O|  |TAMS 0x00000000c3900000, 0x00000000c3800000| Untracked 
|   9|0x00000000c3900000, 0x00000000c3a00000, 0x00000000c3a00000|100%| O|  |TAMS 0x00000000c3a00000, 0x00000000c3900000| Untracked 
|  10|0x00000000c3a00000, 0x00000000c3b00000, 0x00000000c3b00000|100%| O|  |TAMS 0x00000000c3b00000, 0x00000000c3a00000| Untracked 
|  11|0x00000000c3b00000, 0x00000000c3bc7800, 0x00000000c3c00000| 77%| O|  |TAMS 0x00000000c3bc7800, 0x00000000c3b00000| Untracked 
|  12|0x00000000c3c00000, 0x00000000c3d00000, 0x00000000c3d00000|100%| O|  |TAMS 0x00000000c3d00000, 0x00000000c3c00000| Untracked 
|  13|0x00000000c3d00000, 0x00000000c3e00000, 0x00000000c3e00000|100%| O|  |TAMS 0x00000000c3e00000, 0x00000000c3d00000| Untracked 
|  14|0x00000000c3e00000, 0x00000000c3f00000, 0x00000000c3f00000|100%| O|  |TAMS 0x00000000c3f00000, 0x00000000c3e00000| Untracked 
|  15|0x00000000c3f00000, 0x00000000c4000000, 0x00000000c4000000|100%| O|  |TAMS 0x00000000c4000000, 0x00000000c3f00000| Untracked 
|  16|0x00000000c4000000, 0x00000000c4100000, 0x00000000c4100000|100%| O|  |TAMS 0x00000000c4100000, 0x00000000c4000000| Untracked 
|  17|0x00000000c4100000, 0x00000000c4200000, 0x00000000c4200000|100%| O|  |TAMS 0x00000000c4200000, 0x00000000c4100000| Untracked 
|  18|0x00000000c4200000, 0x00000000c4300000, 0x00000000c4300000|100%| O|  |TAMS 0x00000000c4300000, 0x00000000c4200000| Untracked 
|  19|0x00000000c4300000, 0x00000000c4400000, 0x00000000c4400000|100%| O|  |TAMS 0x00000000c4400000, 0x00000000c4300000| Untracked 
|  20|0x00000000c4400000, 0x00000000c4500000, 0x00000000c4500000|100%| O|  |TAMS 0x00000000c4500000, 0x00000000c4400000| Untracked 
|  21|0x00000000c4500000, 0x00000000c4600000, 0x00000000c4600000|100%| O|  |TAMS 0x00000000c4600000, 0x00000000c4500000| Untracked 
|  22|0x00000000c4600000, 0x00000000c4700000, 0x00000000c4700000|100%| O|  |TAMS 0x00000000c4656200, 0x00000000c4600000| Untracked 
|  23|0x00000000c4700000, 0x00000000c4729a08, 0x00000000c4800000| 16%| O|  |TAMS 0x00000000c4700000, 0x00000000c4700000| Untracked 
|  24|0x00000000c4800000, 0x00000000c4800000, 0x00000000c4900000|  0%| F|  |TAMS 0x00000000c4800000, 0x00000000c4800000| Untracked 
|  25|0x00000000c4900000, 0x00000000c4900000, 0x00000000c4a00000|  0%| F|  |TAMS 0x00000000c4900000, 0x00000000c4900000| Untracked 
|  26|0x00000000c4a00000, 0x00000000c4a00000, 0x00000000c4b00000|  0%| F|  |TAMS 0x00000000c4a00000, 0x00000000c4a00000| Untracked 
|  27|0x00000000c4b00000, 0x00000000c4b00000, 0x00000000c4c00000|  0%| F|  |TAMS 0x00000000c4b00000, 0x00000000c4b00000| Untracked 
|  28|0x00000000c4c00000, 0x00000000c4c00000, 0x00000000c4d00000|  0%| F|  |TAMS 0x00000000c4c00000, 0x00000000c4c00000| Untracked 
|  29|0x00000000c4d00000, 0x00000000c4d00000, 0x00000000c4e00000|  0%| F|  |TAMS 0x00000000c4d00000, 0x00000000c4d00000| Untracked 
|  30|0x00000000c4e00000, 0x00000000c4e00000, 0x00000000c4f00000|  0%| F|  |TAMS 0x00000000c4e00000, 0x00000000c4e00000| Untracked 
|  31|0x00000000c4f00000, 0x00000000c5000000, 0x00000000c5000000|100%| S|CS|TAMS 0x00000000c4f00000, 0x00000000c4f00000| Complete 
|  32|0x00000000c5000000, 0x00000000c5100000, 0x00000000c5100000|100%| S|CS|TAMS 0x00000000c5000000, 0x00000000c5000000| Complete 
|  33|0x00000000c5100000, 0x00000000c5200000, 0x00000000c5200000|100%| S|CS|TAMS 0x00000000c5100000, 0x00000000c5100000| Complete 
|  34|0x00000000c5200000, 0x00000000c5200000, 0x00000000c5300000|  0%| F|  |TAMS 0x00000000c5200000, 0x00000000c5200000| Untracked 
|  35|0x00000000c5300000, 0x00000000c5300000, 0x00000000c5400000|  0%| F|  |TAMS 0x00000000c5300000, 0x00000000c5300000| Untracked 
|  36|0x00000000c5400000, 0x00000000c5400000, 0x00000000c5500000|  0%| F|  |TAMS 0x00000000c5400000, 0x00000000c5400000| Untracked 
|  37|0x00000000c5500000, 0x00000000c5589d98, 0x00000000c5600000| 53%| E|  |TAMS 0x00000000c5500000, 0x00000000c5500000| Complete 
|  38|0x00000000c5600000, 0x00000000c5700000, 0x00000000c5700000|100%| E|CS|TAMS 0x00000000c5600000, 0x00000000c5600000| Complete 
|  39|0x00000000c5700000, 0x00000000c5800000, 0x00000000c5800000|100%| E|CS|TAMS 0x00000000c5700000, 0x00000000c5700000| Complete 
|  40|0x00000000c5800000, 0x00000000c5900000, 0x00000000c5900000|100%| E|CS|TAMS 0x00000000c5800000, 0x00000000c5800000| Complete 
|  41|0x00000000c5900000, 0x00000000c5a00000, 0x00000000c5a00000|100%| E|CS|TAMS 0x00000000c5900000, 0x00000000c5900000| Complete 
|  42|0x00000000c5a00000, 0x00000000c5b00000, 0x00000000c5b00000|100%| E|CS|TAMS 0x00000000c5a00000, 0x00000000c5a00000| Complete 
|  43|0x00000000c5b00000, 0x00000000c5c00000, 0x00000000c5c00000|100%| E|CS|TAMS 0x00000000c5b00000, 0x00000000c5b00000| Complete 
|  44|0x00000000c5c00000, 0x00000000c5d00000, 0x00000000c5d00000|100%| E|CS|TAMS 0x00000000c5c00000, 0x00000000c5c00000| Complete 
|  45|0x00000000c5d00000, 0x00000000c5e00000, 0x00000000c5e00000|100%| E|CS|TAMS 0x00000000c5d00000, 0x00000000c5d00000| Complete 
|  46|0x00000000c5e00000, 0x00000000c5f00000, 0x00000000c5f00000|100%| E|CS|TAMS 0x00000000c5e00000, 0x00000000c5e00000| Complete 
|  47|0x00000000c5f00000, 0x00000000c6000000, 0x00000000c6000000|100%| E|CS|TAMS 0x00000000c5f00000, 0x00000000c5f00000| Complete 
|  48|0x00000000c6000000, 0x00000000c6100000, 0x00000000c6100000|100%| E|CS|TAMS 0x00000000c6000000, 0x00000000c6000000| Complete 
|  49|0x00000000c6100000, 0x00000000c6200000, 0x00000000c6200000|100%| E|CS|TAMS 0x00000000c6100000, 0x00000000c6100000| Complete 
|  50|0x00000000c6200000, 0x00000000c6300000, 0x00000000c6300000|100%| E|  |TAMS 0x00000000c6200000, 0x00000000c6200000| Complete 
|  51|0x00000000c6300000, 0x00000000c6400000, 0x00000000c6400000|100%| E|CS|TAMS 0x00000000c6300000, 0x00000000c6300000| Complete 
|  52|0x00000000c6400000, 0x00000000c6500000, 0x00000000c6500000|100%| E|CS|TAMS 0x00000000c6400000, 0x00000000c6400000| Complete 
|  61|0x00000000c6d00000, 0x00000000c6e00000, 0x00000000c6e00000|100%| E|CS|TAMS 0x00000000c6d00000, 0x00000000c6d00000| Complete 

Card table byte_map: [0x000001534b3c0000,0x000001534b5b0000] _byte_map_base: 0x000001534ada8000

Marking Bits (Prev, Next): (CMBitMap*) 0x00000153346362f0, (CMBitMap*) 0x00000153346362b0
 Prev Bits: [0x000001534c6e0000, 0x000001534d620000)
 Next Bits: [0x000001534b7a0000, 0x000001534c6e0000)

Polling page: 0x00000153324c0000

Metaspace:

Usage:
  Non-class:     53.73 MB used.
      Class:      8.40 MB used.
       Both:     62.12 MB used.

Virtual space:
  Non-class space:       64.00 MB reserved,      54.06 MB ( 84%) committed,  1 nodes.
      Class space:        1.00 GB reserved,       8.69 MB ( <1%) committed,  1 nodes.
             Both:        1.06 GB reserved,      62.75 MB (  6%) committed. 

Chunk freelists:
   Non-Class:  9.98 MB
       Class:  7.20 MB
        Both:  17.19 MB

MaxMetaspaceSize: unlimited
CompressedClassSpaceSize: 1.00 GB
Initial GC threshold: 21.00 MB
Current GC threshold: 98.38 MB
CDS: on
MetaspaceReclaimPolicy: balanced
 - commit_granule_bytes: 65536.
 - commit_granule_words: 8192.
 - virtual_space_node_default_size: 8388608.
 - enlarge_chunks_in_place: 1.
 - new_chunks_are_fully_committed: 0.
 - uncommit_free_chunks: 1.
 - use_allocation_guard: 0.
 - handle_deallocations: 1.


Internal statistics:

num_allocs_failed_limit: 9.
num_arena_births: 792.
num_arena_deaths: 0.
num_vsnodes_births: 2.
num_vsnodes_deaths: 0.
num_space_committed: 1004.
num_space_uncommitted: 0.
num_chunks_returned_to_freelist: 9.
num_chunks_taken_from_freelist: 2995.
num_chunk_merges: 9.
num_chunk_splits: 2186.
num_chunks_enlarged: 1709.
num_inconsistent_stats: 0.

CodeHeap 'non-profiled nmethods': size=120000Kb used=2507Kb max_used=3046Kb free=117492Kb
 bounds [0x0000015343970000, 0x0000015343c70000, 0x000001534aea0000]
CodeHeap 'profiled nmethods': size=120000Kb used=8912Kb max_used=11020Kb free=111087Kb
 bounds [0x000001533bea0000, 0x000001533c970000, 0x00000153433d0000]
CodeHeap 'non-nmethods': size=5760Kb used=1356Kb max_used=1423Kb free=4403Kb
 bounds [0x00000153433d0000, 0x0000015343640000, 0x0000015343970000]
 total_blobs=5576 nmethods=4883 adapters=605
 compilation: enabled
              stopped_count=0, restarted_count=0
 full_count=0

Compilation events (20 events):
Event: 25.879 Thread 0x0000015350025170 5755       2       org.springframework.boot.autoconfigure.condition.ConditionEvaluationReport::lambda$addNoMatchOutcomeToAncestors$2 (41 bytes)
Event: 25.880 Thread 0x0000015350025170 nmethod 5755 0x000001533c0e7b90 code [0x000001533c0e7d80, 0x000001533c0e8238]
Event: 25.880 Thread 0x0000015350025170 5756       3       org.springframework.boot.autoconfigure.condition.ConditionEvaluationReport$$Lambda$1387/0x00000153528c7628::accept (20 bytes)
Event: 25.880 Thread 0x0000015350025170 nmethod 5756 0x000001533c42f510 code [0x000001533c42f6c0, 0x000001533c42fa08]
Event: 25.880 Thread 0x0000015350025170 5757       3       org.springframework.boot.autoconfigure.condition.ConditionEvaluationReport::lambda$addNoMatchOutcomeToAncestors$2 (41 bytes)
Event: 25.882 Thread 0x0000015350025170 nmethod 5757 0x000001533bea5990 code [0x000001533bea5d00, 0x000001533bea70f8]
Event: 25.883 Thread 0x0000015350025170 5758       1       org.springframework.boot.autoconfigure.condition.ConditionEvaluationReport$ConditionAndOutcome::getOutcome (5 bytes)
Event: 25.883 Thread 0x0000015350025170 nmethod 5758 0x0000015343a39610 code [0x0000015343a397a0, 0x0000015343a39878]
Event: 25.885 Thread 0x0000015350025170 5760       2       java.util.TreeMap::forEach (58 bytes)
Event: 25.885 Thread 0x0000015350025170 nmethod 5760 0x000001533c257910 code [0x000001533c257b00, 0x000001533c257ed8]
Event: 25.886 Thread 0x0000015350025170 5762 %     3       java.util.TreeMap::forEach @ 15 (58 bytes)
Event: 25.887 Thread 0x0000015350025170 nmethod 5762% 0x000001533c08c290 code [0x000001533c08c4a0, 0x000001533c08cbd8]
Event: 25.888 Thread 0x0000015350025170 5764       2       org.springframework.boot.autoconfigure.condition.ConditionEvaluationReport$$Lambda$1386/0x00000153528c73f8::accept (16 bytes)
Event: 25.889 Thread 0x0000015350025170 nmethod 5764 0x000001533c014510 code [0x000001533c014780, 0x000001533c014dc8]
Event: 25.890 Thread 0x0000015350025170 5765       2       org.springframework.boot.autoconfigure.condition.ConditionEvaluationReport::lambda$getConditionAndOutcomesBySource$1 (13 bytes)
Event: 25.891 Thread 0x0000015350025170 nmethod 5765 0x000001533c253210 code [0x000001533c253460, 0x000001533c253a28]
Event: 25.896 Thread 0x0000015350025170 5766       2       org.springframework.core.annotation.AnnotationAwareOrderComparator::findOrderFromAnnotation (69 bytes)
Event: 25.897 Thread 0x0000015350025170 nmethod 5766 0x000001533c812690 code [0x000001533c812880, 0x000001533c812c18]
Event: 26.131 Thread 0x0000015397d5dde0 nmethod 5586 0x0000015343aa9a10 code [0x0000015343aa9f40, 0x0000015343aae488]
Event: 26.132 Thread 0x0000015397d5dde0 5474       4       org.springframework.beans.factory.support.AbstractBeanFactory::getMergedLocalBeanDefinition (38 bytes)

GC Heap History (20 events):
Event: 7.651 GC heap before
{Heap before GC invocations=3 (full 0):
 garbage-first heap   total 63488K, used 36060K [0x00000000c3000000, 0x0000000100000000)
  region size 1024K, 28 young (28672K), 4 survivors (4096K)
 Metaspace       used 21260K, committed 21504K, reserved 1114112K
  class space    used 2628K, committed 2752K, reserved 1048576K
}
Event: 7.664 GC heap after
{Heap after GC invocations=4 (full 0):
 garbage-first heap   total 63488K, used 14454K [0x00000000c3000000, 0x0000000100000000)
  region size 1024K, 3 young (3072K), 3 survivors (3072K)
 Metaspace       used 21260K, committed 21504K, reserved 1114112K
  class space    used 2628K, committed 2752K, reserved 1048576K
}
Event: 10.307 GC heap before
{Heap before GC invocations=5 (full 0):
 garbage-first heap   total 55296K, used 44150K [0x00000000c3000000, 0x0000000100000000)
  region size 1024K, 32 young (32768K), 3 survivors (3072K)
 Metaspace       used 27071K, committed 27456K, reserved 1114112K
  class space    used 3438K, committed 3648K, reserved 1048576K
}
Event: 10.333 GC heap after
{Heap after GC invocations=6 (full 0):
 garbage-first heap   total 55296K, used 16994K [0x00000000c3000000, 0x0000000100000000)
  region size 1024K, 4 young (4096K), 4 survivors (4096K)
 Metaspace       used 27071K, committed 27456K, reserved 1114112K
  class space    used 3438K, committed 3648K, reserved 1048576K
}
Event: 14.047 GC heap before
{Heap before GC invocations=6 (full 0):
 garbage-first heap   total 55296K, used 38498K [0x00000000c3000000, 0x0000000100000000)
  region size 1024K, 25 young (25600K), 4 survivors (4096K)
 Metaspace       used 31351K, committed 31872K, reserved 1114112K
  class space    used 4028K, committed 4288K, reserved 1048576K
}
Event: 14.057 GC heap after
{Heap after GC invocations=7 (full 0):
 garbage-first heap   total 55296K, used 18545K [0x00000000c3000000, 0x0000000100000000)
  region size 1024K, 2 young (2048K), 2 survivors (2048K)
 Metaspace       used 31351K, committed 31872K, reserved 1114112K
  class space    used 4028K, committed 4288K, reserved 1048576K
}
Event: 15.202 GC heap before
{Heap before GC invocations=7 (full 0):
 garbage-first heap   total 55296K, used 34929K [0x00000000c3000000, 0x0000000100000000)
  region size 1024K, 20 young (20480K), 2 survivors (2048K)
 Metaspace       used 35500K, committed 35968K, reserved 1114112K
  class space    used 4741K, committed 4992K, reserved 1048576K
}
Event: 15.207 GC heap after
{Heap after GC invocations=8 (full 0):
 garbage-first heap   total 55296K, used 19165K [0x00000000c3000000, 0x0000000100000000)
  region size 1024K, 3 young (3072K), 3 survivors (3072K)
 Metaspace       used 35500K, committed 35968K, reserved 1114112K
  class space    used 4741K, committed 4992K, reserved 1048576K
}
Event: 17.822 GC heap before
{Heap before GC invocations=9 (full 0):
 garbage-first heap   total 55296K, used 40669K [0x00000000c3000000, 0x0000000100000000)
  region size 1024K, 24 young (24576K), 3 survivors (3072K)
 Metaspace       used 44560K, committed 45056K, reserved 1114112K
  class space    used 5833K, committed 6080K, reserved 1048576K
}
Event: 17.828 GC heap after
{Heap after GC invocations=10 (full 0):
 garbage-first heap   total 55296K, used 21542K [0x00000000c3000000, 0x0000000100000000)
  region size 1024K, 3 young (3072K), 3 survivors (3072K)
 Metaspace       used 44560K, committed 45056K, reserved 1114112K
  class space    used 5833K, committed 6080K, reserved 1048576K
}
Event: 22.293 GC heap before
{Heap before GC invocations=10 (full 0):
 garbage-first heap   total 55296K, used 39974K [0x00000000c3000000, 0x0000000100000000)
  region size 1024K, 22 young (22528K), 3 survivors (3072K)
 Metaspace       used 49023K, committed 49472K, reserved 1114112K
  class space    used 6376K, committed 6592K, reserved 1048576K
}
Event: 22.300 GC heap after
{Heap after GC invocations=11 (full 0):
 garbage-first heap   total 55296K, used 22879K [0x00000000c3000000, 0x0000000100000000)
  region size 1024K, 2 young (2048K), 2 survivors (2048K)
 Metaspace       used 49023K, committed 49472K, reserved 1114112K
  class space    used 6376K, committed 6592K, reserved 1048576K
}
Event: 22.924 GC heap before
{Heap before GC invocations=11 (full 0):
 garbage-first heap   total 55296K, used 40287K [0x00000000c3000000, 0x0000000100000000)
  region size 1024K, 20 young (20480K), 2 survivors (2048K)
 Metaspace       used 54627K, committed 55168K, reserved 1114112K
  class space    used 7340K, committed 7616K, reserved 1048576K
}
Event: 22.927 GC heap after
{Heap after GC invocations=12 (full 0):
 garbage-first heap   total 55296K, used 23447K [0x00000000c3000000, 0x0000000100000000)
  region size 1024K, 2 young (2048K), 2 survivors (2048K)
 Metaspace       used 54627K, committed 55168K, reserved 1114112K
  class space    used 7340K, committed 7616K, reserved 1048576K
}
Event: 24.820 GC heap before
{Heap before GC invocations=12 (full 0):
 garbage-first heap   total 55296K, used 41879K [0x00000000c3000000, 0x0000000100000000)
  region size 1024K, 21 young (21504K), 2 survivors (2048K)
 Metaspace       used 58611K, committed 59200K, reserved 1114112K
  class space    used 7876K, committed 8128K, reserved 1048576K
}
Event: 24.825 GC heap after
{Heap after GC invocations=13 (full 0):
 garbage-first heap   total 55296K, used 24694K [0x00000000c3000000, 0x0000000100000000)
  region size 1024K, 2 young (2048K), 2 survivors (2048K)
 Metaspace       used 58611K, committed 59200K, reserved 1114112K
  class space    used 7876K, committed 8128K, reserved 1048576K
}
Event: 24.927 GC heap before
{Heap before GC invocations=13 (full 0):
 garbage-first heap   total 55296K, used 27766K [0x00000000c3000000, 0x0000000100000000)
  region size 1024K, 6 young (6144K), 2 survivors (2048K)
 Metaspace       used 59603K, committed 60160K, reserved 1114112K
  class space    used 7976K, committed 8256K, reserved 1048576K
}
Event: 24.931 GC heap after
{Heap after GC invocations=14 (full 0):
 garbage-first heap   total 55296K, used 25066K [0x00000000c3000000, 0x0000000100000000)
  region size 1024K, 2 young (2048K), 2 survivors (2048K)
 Metaspace       used 59603K, committed 60160K, reserved 1114112K
  class space    used 7976K, committed 8256K, reserved 1048576K
}
Event: 25.354 GC heap before
{Heap before GC invocations=15 (full 0):
 garbage-first heap   total 55296K, used 43498K [0x00000000c3000000, 0x0000000100000000)
  region size 1024K, 20 young (20480K), 2 survivors (2048K)
 Metaspace       used 61541K, committed 62080K, reserved 1114112K
  class space    used 8309K, committed 8576K, reserved 1048576K
}
Event: 25.359 GC heap after
{Heap after GC invocations=16 (full 0):
 garbage-first heap   total 55296K, used 26564K [0x00000000c3000000, 0x0000000100000000)
  region size 1024K, 3 young (3072K), 3 survivors (3072K)
 Metaspace       used 61541K, committed 62080K, reserved 1114112K
  class space    used 8309K, committed 8576K, reserved 1048576K
}

Deoptimization events (20 events):
Event: 25.638 Thread 0x00000153345f90d0 Uncommon trap: trap_request=0xffffffde fr.pc=0x00000153439e0300 relative=0x0000000000000140
Event: 25.638 Thread 0x00000153345f90d0 Uncommon trap: reason=class_check action=maybe_recompile pc=0x00000153439e0300 method=org.springframework.boot.context.properties.source.ConfigurationPropertyName$Elements.charAt(II)C @ 43 c2
Event: 25.638 Thread 0x00000153345f90d0 DEOPT PACKING pc=0x00000153439e0300 sp=0x00000037101fb9b0
Event: 25.638 Thread 0x00000153345f90d0 DEOPT UNPACKING pc=0x00000153434223a3 sp=0x00000037101fb928 mode 2
Event: 25.638 Thread 0x00000153345f90d0 Uncommon trap: trap_request=0xffffffde fr.pc=0x00000153439e0300 relative=0x0000000000000140
Event: 25.638 Thread 0x00000153345f90d0 Uncommon trap: reason=class_check action=maybe_recompile pc=0x00000153439e0300 method=org.springframework.boot.context.properties.source.ConfigurationPropertyName$Elements.charAt(II)C @ 43 c2
Event: 25.638 Thread 0x00000153345f90d0 DEOPT PACKING pc=0x00000153439e0300 sp=0x00000037101fb9b0
Event: 25.638 Thread 0x00000153345f90d0 DEOPT UNPACKING pc=0x00000153434223a3 sp=0x00000037101fb928 mode 2
Event: 25.652 Thread 0x00000153345f90d0 Uncommon trap: trap_request=0xfffffff4 fr.pc=0x0000015343aa0cd8 relative=0x0000000000000238
Event: 25.652 Thread 0x00000153345f90d0 Uncommon trap: reason=null_check action=make_not_entrant pc=0x0000015343aa0cd8 method=org.springframework.util.ClassUtils.isAssignable(Ljava/lang/Class;Ljava/lang/Class;)Z @ 14 c2
Event: 25.652 Thread 0x00000153345f90d0 DEOPT PACKING pc=0x0000015343aa0cd8 sp=0x00000037101fe3c0
Event: 25.652 Thread 0x00000153345f90d0 DEOPT UNPACKING pc=0x00000153434223a3 sp=0x00000037101fe350 mode 2
Event: 25.783 Thread 0x00000153345f90d0 Uncommon trap: trap_request=0xffffff45 fr.pc=0x00000153439d0360 relative=0x0000000000000060
Event: 25.783 Thread 0x00000153345f90d0 Uncommon trap: reason=unstable_if action=reinterpret pc=0x00000153439d0360 method=org.springframework.util.ConcurrentReferenceHashMap$Segment.clear()V @ 7 c2
Event: 25.783 Thread 0x00000153345f90d0 DEOPT PACKING pc=0x00000153439d0360 sp=0x00000037101fee60
Event: 25.783 Thread 0x00000153345f90d0 DEOPT UNPACKING pc=0x00000153434223a3 sp=0x00000037101fedf0 mode 2
Event: 25.877 Thread 0x00000153345f90d0 Uncommon trap: trap_request=0xffffff45 fr.pc=0x0000015343b9caa0 relative=0x0000000000000100
Event: 25.877 Thread 0x00000153345f90d0 Uncommon trap: reason=unstable_if action=reinterpret pc=0x0000015343b9caa0 method=java.util.ArrayList.indexOfRange(Ljava/lang/Object;II)I @ 7 c2
Event: 25.877 Thread 0x00000153345f90d0 DEOPT PACKING pc=0x0000015343b9caa0 sp=0x00000037101febf0
Event: 25.877 Thread 0x00000153345f90d0 DEOPT UNPACKING pc=0x00000153434223a3 sp=0x00000037101feb70 mode 2

Classes unloaded (0 events):
No events

Classes redefined (0 events):
No events

Internal exceptions (20 events):
Event: 23.361 Thread 0x00000153345f90d0 Exception <a 'java/lang/NoSuchMethodError'{0x00000000c5e35ec0}: 'java.lang.Object java.lang.invoke.DirectMethodHandle$Holder.invokeSpecial(java.lang.Object, java.lang.Object, java.lang.Object, java.lang.Object, java.lang.Object, java.lang.Object, java.lang.Object, java.lang.Object, java.lang.Object, java.lang.Object, java.lang.Object, java.lang.Object, java.lang.Object)'> (0x00000000c5e35ec0) 
thrown [s\open\src\hotspot\share\interpreter\linkResolver.cpp, line 759]
Event: 23.362 Thread 0x00000153345f90d0 Exception <a 'java/lang/NoSuchMethodError'{0x00000000c5e3a5d8}: 'java.lang.Object java.lang.invoke.Invokers$Holder.linkToTargetMethod(java.lang.Object, java.lang.Object, java.lang.Object, java.lang.Object, java.lang.Object, java.lang.Object, java.lang.Object, java.lang.Object, java.lang.Object, java.lang.Object, java.lang.Object, java.lang.Object)'> (0x00000000c5e3a5d8) 
thrown [s\open\src\hotspot\share\interpreter\linkResolver.cpp, line 759]
Event: 23.405 Thread 0x00000153345f90d0 Exception <a 'java/lang/IncompatibleClassChangeError'{0x00000000c5dd4a80}: Found class java.lang.Object, but interface was expected> (0x00000000c5dd4a80) 
thrown [s\open\src\hotspot\share\interpreter\linkResolver.cpp, line 826]
Event: 24.450 Thread 0x00000153345f90d0 Exception <a 'java/lang/NoSuchMethodError'{0x00000000c5c78490}: 'java.lang.Object java.lang.invoke.DirectMethodHandle$Holder.newInvokeSpecial(java.lang.Object, java.lang.Object, int, java.lang.Object, int, java.lang.Object, java.lang.Object)'> (0x00000000c5c78490) 
thrown [s\open\src\hotspot\share\interpreter\linkResolver.cpp, line 759]
Event: 24.463 Thread 0x00000153345f90d0 Exception <a 'java/lang/NoSuchMethodError'{0x00000000c5cef218}: 'java.lang.Object java.lang.invoke.DirectMethodHandle$Holder.newInvokeSpecial(java.lang.Object, java.lang.Object, java.lang.Object, java.lang.Object, java.lang.Object, java.lang.Object, java.lang.Object, int)'> (0x00000000c5cef218) 
thrown [s\open\src\hotspot\share\interpreter\linkResolver.cpp, line 759]
Event: 24.463 Thread 0x00000153345f90d0 Exception <a 'java/lang/NoSuchMethodError'{0x00000000c5cf4210}: 'java.lang.Object java.lang.invoke.DirectMethodHandle$Holder.invokeSpecial(java.lang.Object, java.lang.Object, java.lang.Object, java.lang.Object, java.lang.Object, java.lang.Object, java.lang.Object, java.lang.Object, int)'> (0x00000000c5cf4210) 
thrown [s\open\src\hotspot\share\interpreter\linkResolver.cpp, line 759]
Event: 24.464 Thread 0x00000153345f90d0 Exception <a 'java/lang/NoSuchMethodError'{0x00000000c5cf8cd8}: 'java.lang.Object java.lang.invoke.Invokers$Holder.linkToTargetMethod(java.lang.Object, java.lang.Object, java.lang.Object, java.lang.Object, java.lang.Object, java.lang.Object, int, java.lang.Object)'> (0x00000000c5cf8cd8) 
thrown [s\open\src\hotspot\share\interpreter\linkResolver.cpp, line 759]
Event: 24.493 Thread 0x00000153345f90d0 Exception <a 'java/lang/NoSuchMethodError'{0x00000000c5bdb4a8}: 'void java.lang.invoke.DirectMethodHandle$Holder.invokeInterface(java.lang.Object, java.lang.Object)'> (0x00000000c5bdb4a8) 
thrown [s\open\src\hotspot\share\interpreter\linkResolver.cpp, line 759]
Event: 24.709 Thread 0x00000153345f90d0 Exception <a 'java/lang/NoSuchMethodError'{0x00000000c57a27a0}: 'java.lang.Object java.lang.invoke.DirectMethodHandle$Holder.invokeSpecial(java.lang.Object, java.lang.Object, int, java.lang.Object, int)'> (0x00000000c57a27a0) 
thrown [s\open\src\hotspot\share\interpreter\linkResolver.cpp, line 759]
Event: 24.836 Thread 0x00000153345f90d0 Exception <a 'java/lang/IncompatibleClassChangeError'{0x00000000c6d75cd8}: Found class java.lang.Object, but interface was expected> (0x00000000c6d75cd8) 
thrown [s\open\src\hotspot\share\interpreter\linkResolver.cpp, line 826]
Event: 24.884 Thread 0x00000153345f90d0 Exception <a 'java/lang/IncompatibleClassChangeError'{0x00000000c630dac0}: Found class java.lang.Object, but interface was expected> (0x00000000c630dac0) 
thrown [s\open\src\hotspot\share\interpreter\linkResolver.cpp, line 826]
Event: 25.065 Thread 0x00000153345f90d0 Exception <a 'java/lang/IncompatibleClassChangeError'{0x00000000c5f6bd90}: Found class java.lang.Object, but interface was expected> (0x00000000c5f6bd90) 
thrown [s\open\src\hotspot\share\interpreter\linkResolver.cpp, line 826]
Event: 25.382 Thread 0x00000153345f90d0 Exception <a 'sun/nio/fs/WindowsException'{0x00000000c640bf00}> (0x00000000c640bf00) 
thrown [s\open\src\hotspot\share\prims\jni.cpp, line 516]
Event: 25.465 Thread 0x00000153345f90d0 Exception <a 'java/lang/IncompatibleClassChangeError'{0x00000000c6287c18}: Found class java.lang.Object, but interface was expected> (0x00000000c6287c18) 
thrown [s\open\src\hotspot\share\interpreter\linkResolver.cpp, line 826]
Event: 25.524 Thread 0x00000153345f90d0 Exception <a 'java/lang/NoSuchMethodError'{0x00000000c6041380}: 'void java.lang.invoke.DirectMethodHandle$Holder.invokeVirtual(java.lang.Object, java.lang.Object, long)'> (0x00000000c6041380) 
thrown [s\open\src\hotspot\share\interpreter\linkResolver.cpp, line 759]
Event: 25.644 Thread 0x00000153345f90d0 Exception <a 'java/lang/IncompatibleClassChangeError'{0x00000000c5c67308}: Found class java.lang.Object, but interface was expected> (0x00000000c5c67308) 
thrown [s\open\src\hotspot\share\interpreter\linkResolver.cpp, line 826]
Event: 25.652 Thread 0x00000153345f90d0 Implicit null exception at 0x0000015343aa0ac0 to 0x0000015343aa0cc4
Event: 25.679 Thread 0x00000153345f90d0 Exception <a 'java/lang/NoSuchMethodError'{0x00000000c5bc0b80}: 'java.lang.Object java.lang.invoke.DirectMethodHandle$Holder.invokeSpecial(java.lang.Object, java.lang.Object, java.lang.Object, java.lang.Object, java.lang.Object, java.lang.Object, java.lang.Object, java.lang.Object, java.lang.Object, java.lang.Object, java.lang.Object)'> (0x00000000c5bc0b80) 
thrown [s\open\src\hotspot\share\interpreter\linkResolver.cpp, line 759]
Event: 25.679 Thread 0x00000153345f90d0 Exception <a 'java/lang/NoSuchMethodError'{0x00000000c5bc4fb0}: 'java.lang.Object java.lang.invoke.Invokers$Holder.invoke_MT(java.lang.Object, java.lang.Object, java.lang.Object, java.lang.Object, java.lang.Object, java.lang.Object, java.lang.Object, java.lang.Object, java.lang.Object, java.lang.Object, java.lang.Object)'> (0x00000000c5bc4fb0) 
thrown [s\open\src\hotspot\share\interpreter\linkResolver.cpp, line 759]
Event: 25.788 Thread 0x00000153345f90d0 Exception <a 'java/lang/NoSuchMethodError'{0x00000000c5859060}: 'java.lang.Object java.lang.invoke.DirectMethodHandle$Holder.newInvokeSpecial(java.lang.Object, java.lang.Object, int, java.lang.Object, java.lang.Object)'> (0x00000000c5859060) 
thrown [s\open\src\hotspot\share\interpreter\linkResolver.cpp, line 759]

VM Operations (20 events):
Event: 25.270 Executing VM operation: HandshakeAllThreads
Event: 25.270 Executing VM operation: HandshakeAllThreads done
Event: 25.286 Executing VM operation: HandshakeAllThreads
Event: 25.286 Executing VM operation: HandshakeAllThreads done
Event: 25.321 Executing VM operation: HandshakeAllThreads
Event: 25.322 Executing VM operation: HandshakeAllThreads done
Event: 25.322 Executing VM operation: HandshakeAllThreads
Event: 25.322 Executing VM operation: HandshakeAllThreads done
Event: 25.354 Executing VM operation: G1CollectForAllocation
Event: 25.359 Executing VM operation: G1CollectForAllocation done
Event: 25.488 Executing VM operation: HandshakeAllThreads
Event: 25.488 Executing VM operation: HandshakeAllThreads done
Event: 25.506 Executing VM operation: HandshakeAllThreads
Event: 25.506 Executing VM operation: HandshakeAllThreads done
Event: 25.539 Executing VM operation: HandshakeAllThreads
Event: 25.539 Executing VM operation: HandshakeAllThreads done
Event: 25.555 Executing VM operation: HandshakeAllThreads
Event: 25.555 Executing VM operation: HandshakeAllThreads done
Event: 26.557 Executing VM operation: Cleanup
Event: 26.557 Executing VM operation: Cleanup done

Events (20 events):
Event: 25.862 loading class java/nio/channels/Pipe$SourceChannel done
Event: 25.862 loading class sun/nio/ch/SourceChannelImpl done
Event: 25.862 loading class sun/nio/ch/SinkChannelImpl
Event: 25.863 loading class java/nio/channels/Pipe$SinkChannel
Event: 25.863 loading class java/nio/channels/Pipe$SinkChannel done
Event: 25.863 loading class sun/nio/ch/SinkChannelImpl done
Event: 25.865 Thread 0x000001539932a570 Thread added: 0x000001539932a570
Event: 25.865 loading class java/nio/channels/spi/AbstractSelector$1
Event: 25.865 loading class java/nio/channels/spi/AbstractSelector$1 done
Event: 25.868 Thread 0x000001539932aa80 Thread added: 0x000001539932aa80
Event: 25.869 loading class java/util/TreeMap$ValueSpliterator
Event: 25.870 loading class java/util/TreeMap$TreeMapSpliterator
Event: 25.870 loading class java/util/TreeMap$TreeMapSpliterator done
Event: 25.870 loading class java/util/TreeMap$ValueSpliterator done
Event: 25.905 loading class java/util/IdentityHashMap$KeySpliterator
Event: 25.905 loading class java/util/IdentityHashMap$IdentityHashMapSpliterator
Event: 25.906 loading class java/util/IdentityHashMap$IdentityHashMapSpliterator done
Event: 25.906 loading class java/util/IdentityHashMap$KeySpliterator done
Event: 25.908 Thread 0x00000153345f90d0 Thread exited: 0x00000153345f90d0
Event: 25.908 Thread 0x000001539932bec0 Thread added: 0x000001539932bec0


Dynamic libraries:
0x00007ff609910000 - 0x00007ff609920000 	C:\Program Files\Java\jdk-17\bin\java.exe
0x00007fff9dfc0000 - 0x00007fff9e223000 	C:\WINDOWS\SYSTEM32\ntdll.dll
0x00007fff9ca00000 - 0x00007fff9cac8000 	C:\WINDOWS\System32\KERNEL32.DLL
0x00007fff9b440000 - 0x00007fff9b7f2000 	C:\WINDOWS\System32\KERNELBASE.dll
0x00007fff9b9c0000 - 0x00007fff9bb0b000 	C:\WINDOWS\System32\ucrtbase.dll
0x00007fff93480000 - 0x00007fff9349b000 	C:\Program Files\Java\jdk-17\bin\VCRUNTIME140.dll
0x00007fff96f30000 - 0x00007fff96f49000 	C:\Program Files\Java\jdk-17\bin\jli.dll
0x00007fff9d930000 - 0x00007fff9d9e4000 	C:\WINDOWS\System32\ADVAPI32.dll
0x00007fff9d880000 - 0x00007fff9d929000 	C:\WINDOWS\System32\msvcrt.dll
0x00007fff9da80000 - 0x00007fff9db26000 	C:\WINDOWS\System32\sechost.dll
0x00007fff9db30000 - 0x00007fff9dc46000 	C:\WINDOWS\System32\RPCRT4.dll
0x00007fff9c4a0000 - 0x00007fff9c668000 	C:\WINDOWS\System32\USER32.dll
0x00007fff9bdf0000 - 0x00007fff9be17000 	C:\WINDOWS\System32\win32u.dll
0x00007fff7bff0000 - 0x00007fff7c280000 	C:\WINDOWS\WinSxS\amd64_microsoft.windows.common-controls_6595b64144ccf1df_6.0.26100.2454_none_3e0b68a2e331ad60\COMCTL32.dll
0x00007fff9da50000 - 0x00007fff9da7a000 	C:\WINDOWS\System32\GDI32.dll
0x00007fff9b800000 - 0x00007fff9b92b000 	C:\WINDOWS\System32\gdi32full.dll
0x00007fff9b390000 - 0x00007fff9b433000 	C:\WINDOWS\System32\msvcp_win.dll
0x00007fff961e0000 - 0x00007fff961eb000 	C:\WINDOWS\SYSTEM32\VERSION.dll
0x00007fff9d9f0000 - 0x00007fff9da1f000 	C:\WINDOWS\System32\IMM32.DLL
0x00007fff97ff0000 - 0x00007fff97ffc000 	C:\Program Files\Java\jdk-17\bin\vcruntime140_1.dll
0x00007fff6e5a0000 - 0x00007fff6e62e000 	C:\Program Files\Java\jdk-17\bin\msvcp140.dll
0x00007fff3d7a0000 - 0x00007fff3e37f000 	C:\Program Files\Java\jdk-17\bin\server\jvm.dll
0x00007fff9d870000 - 0x00007fff9d878000 	C:\WINDOWS\System32\PSAPI.DLL
0x00007fff75870000 - 0x00007fff7587a000 	C:\WINDOWS\SYSTEM32\WSOCK32.dll
0x00007fff7f190000 - 0x00007fff7f1c6000 	C:\WINDOWS\SYSTEM32\WINMM.dll
0x00007fff9c890000 - 0x00007fff9c904000 	C:\WINDOWS\System32\WS2_32.dll
0x00007fff9a1a0000 - 0x00007fff9a1ba000 	C:\WINDOWS\SYSTEM32\kernel.appcore.dll
0x00007fff93470000 - 0x00007fff9347a000 	C:\Program Files\Java\jdk-17\bin\jimage.dll
0x00007fff80ba0000 - 0x00007fff80de1000 	C:\WINDOWS\SYSTEM32\DBGHELP.DLL
0x00007fff9c080000 - 0x00007fff9c3fe000 	C:\WINDOWS\System32\combase.dll
0x00007fff9c920000 - 0x00007fff9c9f6000 	C:\WINDOWS\System32\OLEAUT32.dll
0x00007fff771f0000 - 0x00007fff77229000 	C:\WINDOWS\SYSTEM32\dbgcore.DLL
0x00007fff9bd50000 - 0x00007fff9bde9000 	C:\WINDOWS\System32\bcryptPrimitives.dll
0x00007fff93460000 - 0x00007fff9346e000 	C:\Program Files\Java\jdk-17\bin\instrument.dll
0x00007fff93430000 - 0x00007fff93455000 	C:\Program Files\Java\jdk-17\bin\java.dll
0x00007fff6df30000 - 0x00007fff6e007000 	C:\Program Files\Java\jdk-17\bin\jsvml.dll
0x00007fff9cb00000 - 0x00007fff9d200000 	C:\WINDOWS\System32\SHELL32.dll
0x00007fff99080000 - 0x00007fff998b1000 	C:\WINDOWS\SYSTEM32\windows.storage.dll
0x00007fff9de50000 - 0x00007fff9df2a000 	C:\WINDOWS\System32\SHCORE.dll
0x00007fff9bfa0000 - 0x00007fff9bffd000 	C:\WINDOWS\System32\shlwapi.dll
0x00007fff9b2a0000 - 0x00007fff9b2ce000 	C:\WINDOWS\SYSTEM32\profapi.dll
0x00007fff928c0000 - 0x00007fff928d8000 	C:\Program Files\Java\jdk-17\bin\zip.dll
0x00007fff93410000 - 0x00007fff93429000 	C:\Program Files\Java\jdk-17\bin\net.dll
0x00007fff934b0000 - 0x00007fff935d6000 	C:\WINDOWS\SYSTEM32\WINHTTP.dll
0x00007fff9a6d0000 - 0x00007fff9a738000 	C:\WINDOWS\system32\mswsock.dll
0x00007fff928e0000 - 0x00007fff928f6000 	C:\Program Files\Java\jdk-17\bin\nio.dll
0x00007fff7c9f0000 - 0x00007fff7ca0a000 	C:\Program Files\JetBrains\IntelliJ IDEA Community Edition 2024.3\bin\breakgen64.dll
0x00007fff93400000 - 0x00007fff9340e000 	C:\Program Files\Java\jdk-17\bin\sunmscapi.dll
0x00007fff9bb10000 - 0x00007fff9bc86000 	C:\WINDOWS\System32\CRYPT32.dll
0x00007fff9ab70000 - 0x00007fff9aba0000 	C:\WINDOWS\SYSTEM32\ncrypt.dll
0x00007fff9ab20000 - 0x00007fff9ab5f000 	C:\WINDOWS\SYSTEM32\NTASN1.dll
0x00007fff9a970000 - 0x00007fff9a98c000 	C:\WINDOWS\SYSTEM32\CRYPTSP.dll
0x00007fff9a100000 - 0x00007fff9a138000 	C:\WINDOWS\system32\rsaenh.dll
0x00007fff9a770000 - 0x00007fff9a79b000 	C:\WINDOWS\SYSTEM32\USERENV.dll
0x00007fff9abb0000 - 0x00007fff9abd6000 	C:\WINDOWS\SYSTEM32\bcrypt.dll
0x00007fff9a990000 - 0x00007fff9a99c000 	C:\WINDOWS\SYSTEM32\CRYPTBASE.dll
0x00007fff99bb0000 - 0x00007fff99be2000 	C:\WINDOWS\SYSTEM32\IPHLPAPI.DLL
0x00007fff9be30000 - 0x00007fff9be3a000 	C:\WINDOWS\System32\NSI.dll
0x00007fff93990000 - 0x00007fff939ae000 	C:\WINDOWS\SYSTEM32\dhcpcsvc6.DLL
0x00007fff93960000 - 0x00007fff93985000 	C:\WINDOWS\SYSTEM32\dhcpcsvc.DLL
0x00007fff99ca0000 - 0x00007fff99dc5000 	C:\WINDOWS\SYSTEM32\DNSAPI.dll
0x00007fff7c9d0000 - 0x00007fff7c9da000 	C:\Program Files\Java\jdk-17\bin\management.dll
0x00007fff7c9c0000 - 0x00007fff7c9cb000 	C:\Program Files\Java\jdk-17\bin\management_ext.dll
0x00007fff7c870000 - 0x00007fff7c880000 	C:\Program Files\Java\jdk-17\bin\verify.dll
0x00007fff7a450000 - 0x00007fff7a45b000 	C:\Windows\System32\rasadhlp.dll
0x00007fff91c00000 - 0x00007fff91c85000 	C:\WINDOWS\System32\fwpuclnt.dll
0x00007fff7a9d0000 - 0x00007fff7a9d8000 	C:\WINDOWS\system32\wshunix.dll

dbghelp: loaded successfully - version: 4.0.5 - missing functions: none
symbol engine: initialized successfully - sym options: 0x614 - pdb path: .;C:\Program Files\Java\jdk-17\bin;C:\WINDOWS\SYSTEM32;C:\WINDOWS\WinSxS\amd64_microsoft.windows.common-controls_6595b64144ccf1df_6.0.26100.2454_none_3e0b68a2e331ad60;C:\Program Files\Java\jdk-17\bin\server;C:\Program Files\JetBrains\IntelliJ IDEA Community Edition 2024.3\bin

VM Arguments:
jvm_args: -javaagent:C:\Program Files\JetBrains\IntelliJ IDEA Community Edition 2024.3\lib\idea_rt.jar=53449:C:\Program Files\JetBrains\IntelliJ IDEA Community Edition 2024.3\bin -Dfile.encoding=UTF-8 
java_command: com.example.MappingdecApplication
java_class_path (initial): F:\er-diagram-dec\mappingdec\target\classes;C:\Users\kalim\.m2\repository\org\springframework\boot\spring-boot-starter-data-jpa\3.4.0\spring-boot-starter-data-jpa-3.4.0.jar;C:\Users\kalim\.m2\repository\org\springframework\boot\spring-boot-starter\3.4.0\spring-boot-starter-3.4.0.jar;C:\Users\kalim\.m2\repository\org\springframework\boot\spring-boot\3.4.0\spring-boot-3.4.0.jar;C:\Users\kalim\.m2\repository\org\springframework\boot\spring-boot-autoconfigure\3.4.0\spring-boot-autoconfigure-3.4.0.jar;C:\Users\kalim\.m2\repository\org\springframework\boot\spring-boot-starter-logging\3.4.0\spring-boot-starter-logging-3.4.0.jar;C:\Users\kalim\.m2\repository\ch\qos\logback\logback-classic\1.5.12\logback-classic-1.5.12.jar;C:\Users\kalim\.m2\repository\ch\qos\logback\logback-core\1.5.12\logback-core-1.5.12.jar;C:\Users\kalim\.m2\repository\org\apache\logging\log4j\log4j-to-slf4j\2.24.1\log4j-to-slf4j-2.24.1.jar;C:\Users\kalim\.m2\repository\org\apache\logging\log4j\log4j-api\2.24.1\log4j-api-2.24.1.jar;C:\Users\kalim\.m2\repository\org\slf4j\jul-to-slf4j\2.0.16\jul-to-slf4j-2.0.16.jar;C:\Users\kalim\.m2\repository\jakarta\annotation\jakarta.annotation-api\2.1.1\jakarta.annotation-api-2.1.1.jar;C:\Users\kalim\.m2\repository\org\yaml\snakeyaml\2.3\snakeyaml-2.3.jar;C:\Users\kalim\.m2\repository\org\springframework\boot\spring-boot-starter-jdbc\3.4.0\spring-boot-starter-jdbc-3.4.0.jar;C:\Users\kalim\.m2\repository\com\zaxxer\HikariCP\5.1.0\HikariCP-5.1.0.jar;C:\Users\kalim\.m2\repository\org\springframework\spring-jdbc\6.2.0\spring-jdbc-6.2.0.jar;C:\Users\kalim\.m2\repository\org\hibernate\orm\hibernate-core\6.6.2.Final\hibernate-core-6.6.2.Final.jar;C:\Users\kalim\.m2\repository\jakarta\persistence\jakarta.persistence-api\3.1.0\jakarta.persistence-api-3.1.0.jar;C:\Users\kalim\.m2\repository\jakarta\transaction\jakarta.transaction-api\2.0.1\jakarta.transaction-api-2.0.1.jar;C:\Users\kalim\.m2\repository\org\jboss\logging\jboss-logging\3.6.1.Final\jb
Launcher Type: SUN_STANDARD

[Global flags]
     intx CICompilerCount                          = 4                                         {product} {ergonomic}
     uint ConcGCThreads                            = 2                                         {product} {ergonomic}
     uint G1ConcRefinementThreads                  = 8                                         {product} {ergonomic}
   size_t G1HeapRegionSize                         = 1048576                                   {product} {ergonomic}
    uintx GCDrainStackTargetSize                   = 64                                        {product} {ergonomic}
   size_t InitialHeapSize                          = 65011712                                  {product} {ergonomic}
   size_t MarkStackSize                            = 4194304                                   {product} {ergonomic}
   size_t MaxHeapSize                              = 1023410176                                {product} {ergonomic}
   size_t MaxNewSize                               = 613416960                                 {product} {ergonomic}
   size_t MinHeapDeltaBytes                        = 1048576                                   {product} {ergonomic}
   size_t MinHeapSize                              = 8388608                                   {product} {ergonomic}
    uintx NonNMethodCodeHeapSize                   = 5839372                                {pd product} {ergonomic}
    uintx NonProfiledCodeHeapSize                  = 122909434                              {pd product} {ergonomic}
    uintx ProfiledCodeHeapSize                     = 122909434                              {pd product} {ergonomic}
    uintx ReservedCodeCacheSize                    = 251658240                              {pd product} {ergonomic}
     bool SegmentedCodeCache                       = true                                      {product} {ergonomic}
   size_t SoftMaxHeapSize                          = 1023410176                             {manageable} {ergonomic}
     bool UseCompressedClassPointers               = true                           {product lp64_product} {ergonomic}
     bool UseCompressedOops                        = true                           {product lp64_product} {ergonomic}
     bool UseG1GC                                  = true                                      {product} {ergonomic}
     bool UseLargePagesIndividualAllocation        = false                                  {pd product} {ergonomic}

Logging:
Log output configuration:
 #0: stdout all=warning uptime,level,tags
 #1: stderr all=off uptime,level,tags

Environment Variables:
CLASSPATH=C:\oraclexe\app\oracle\product\11.2.0\server\jdbc\lib\ojdbc6.jar;%classpath%;.;
PATH=C:\ProgramData\Oracle\Java\javapath;C:\Program Files\Common Files\Oracle\Java\javapath;C:\oraclexe\app\oracle\product\11.2.0\server\bin;C:\Program Files\Git\cmd;C:\Program Files\Git\mingw64\bin;C:\Program Files\Git\usr\bin;C:\Windows\System32;C:\Program Files\nodejs\;C:\Program Files\Docker\Docker\resources\bin;C:\WINDOWS\system32;C:\WINDOWS;C:\WINDOWS\System32\Wbem;C:\WINDOWS\System32\WindowsPowerShell\v1.0\;C:\WINDOWS\System32\OpenSSH\;C:\Program Files\MySQL\MySQL Server 8.0\bin;C:\Users\kalim\AppData\Local\Programs\Python\Python312\Scripts;C:\Users\kalim\AppData\Local\Programs\Python\Python312;C:\Users\kalim\AppData\Local\Programs\Python\Python312\Scripts\django-admin.exe;C:\Program Files (x86)\Common Files\Oracle\Java\javapath;%JAVA_HOME%\BIN;C:\Program Files\Common Files\Oracle\Java\javapath;C:\Program Files\MySQL\MySQL Shell 8.0\bin\;C:\Users\kalim\AppData\Local\Programs\Python\Python312\Scripts\;C:\Users\kalim\AppData\Local\Programs\Microsoft VS Code\bin;C:\Users\kalim\AppData\Roaming\npm;C:\Program Files\nodejs;C:\Users\kalim\AppData\Local\Microsoft\WindowsApps;C:\Users\kalim\AppData\Local\Programs\Python\Python312;
USERNAME=kalim
OS=Windows_NT
PROCESSOR_IDENTIFIER=Intel64 Family 6 Model 142 Stepping 12, GenuineIntel



---------------  S Y S T E M  ---------------

OS:
 Windows 11 , 64 bit Build 26100 (10.0.26100.2454)
OS uptime: 0 days 7:30 hours
Hyper-V role detected

CPU: total 8 (initial active 8) (4 cores per cpu, 2 threads per core) family 6 model 142 stepping 12 microcode 0xfa, cx8, cmov, fxsr, ht, mmx, 3dnowpref, sse, sse2, sse3, ssse3, sse4.1, sse4.2, popcnt, lzcnt, tsc, tscinvbit, avx, avx2, aes, erms, clmul, bmi1, bmi2, adx, fma, vzeroupper, clflush, clflushopt, hv

Memory: 4k page, system-wide physical 3899M (338M free)
TotalPageFile size 14139M (AvailPageFile size 42M)
current process WorkingSet (physical memory assigned to process): 205M, peak: 211M
current process commit charge ("private bytes"): 270M, peak: 276M

vm_info: Java HotSpot(TM) 64-Bit Server VM (17.0.10+11-LTS-240) for windows-amd64 JRE (17.0.10+11-LTS-240), built on Dec 19 2023 21:47:25 by "mach5one" with MS VC++ 17.1 (VS2022)

END.
