#
# There is insufficient memory for the Java Runtime Environment to continue.
# Native memory allocation (malloc) failed to allocate 1048576 bytes for AllocateHeap
# Possible reasons:
#   The system is out of physical RAM or swap space
#   The process is running with CompressedOops enabled, and the Java Heap may be blocking the growth of the native heap
# Possible solutions:
#   Reduce memory load on the system
#   Increase physical memory or swap space
#   Check if swap backing store is full
#   Decrease Java heap size (-Xmx/-Xms)
#   Decrease number of Java threads
#   Decrease Java thread stack sizes (-Xss)
#   Set larger code cache with -XX:ReservedCodeCacheSize=
#   JVM is running with Unscaled Compressed Oops mode in which the Java heap is
#     placed in the first 4GB address space. The Java Heap base address is the
#     maximum limit for the native heap growth. Please use -XX:HeapBaseMinAddress
#     to set the Java Heap base and to place the Java Heap above 4GB virtual address.
# This output file may be truncated or incomplete.
#
#  Out of Memory Error (allocation.cpp:44), pid=2576, tid=17536
#
# JRE version:  (17.0.10+11) (build )
# Java VM: Java HotSpot(TM) 64-Bit Server VM (17.0.10+11-LTS-240, mixed mode, sharing, tiered, compressed oops, compressed class ptrs, g1 gc, windows-amd64)
# No core dump will be written. Minidumps are not enabled by default on client versions of Windows
#

---------------  S U M M A R Y ------------

Command Line: -javaagent:C:\Program Files\JetBrains\IntelliJ IDEA Community Edition 2024.3\lib\idea_rt.jar=53706:C:\Program Files\JetBrains\IntelliJ IDEA Community Edition 2024.3\bin -Dfile.encoding=UTF-8 com.example.MappingdecApplication

Host: Intel(R) Core(TM) i5-10210U CPU @ 1.60GHz, 8 cores, 3G,  Windows 11 , 64 bit Build 26100 (10.0.26100.2454)
Time: Wed Dec 18 04:18:04 2024 India Standard Time elapsed time: 1.033131 seconds (0d 0h 0m 1s)

---------------  T H R E A D  ---------------

Current thread (0x000001b1617077b0):  JavaThread "Unknown thread" [_thread_in_vm, id=17536, stack(0x0000008854d00000,0x0000008854e00000)]

Stack: [0x0000008854d00000,0x0000008854e00000]
Native frames: (J=compiled Java code, j=interpreted, Vv=VM code, C=native code)
V  [jvm.dll+0x677a5a]
V  [jvm.dll+0x7d8b2d]
V  [jvm.dll+0x7da48e]
V  [jvm.dll+0x7daaf3]
V  [jvm.dll+0x2455ff]
V  [jvm.dll+0xa5173]
V  [jvm.dll+0x2d5bd7]
V  [jvm.dll+0x7aa51c]
V  [jvm.dll+0x367911]
V  [jvm.dll+0x789639]
V  [jvm.dll+0x3eb30f]
V  [jvm.dll+0x3ecd91]
C  [jli.dll+0x5297]
C  [ucrtbase.dll+0x14ea0]
C  [KERNEL32.DLL+0x2e8d7]
C  [ntdll.dll+0xdfbcc]


---------------  P R O C E S S  ---------------

Threads class SMR info:
_java_thread_list=0x00007fff3e256a18, length=0, elements={
}

Java Threads: ( => current thread )

Other Threads:

=>0x000001b1617077b0 (exited) JavaThread "Unknown thread" [_thread_in_vm, id=17536, stack(0x0000008854d00000,0x0000008854e00000)]

Threads with active compile tasks:

VM state: not at safepoint (not fully initialized)

VM Mutex/Monitor currently owned by a thread: None

Heap address: 0x0000000000000000, size: 0 MB, Compressed Oops mode: 32-bit

CDS archive(s) mapped at: [0x0000000000000000-0x0000000000000000-0x0000000000000000), size 0, SharedBaseAddress: 0x0000000800000000, ArchiveRelocationMode: 1.
Narrow klass base: 0x0000000000000000, Narrow klass shift: 0, Narrow klass range: 0x0

GC Precious Log:
<Empty>

GC Heap History (0 events):
No events

Deoptimization events (0 events):
No events

Classes unloaded (0 events):
No events

Classes redefined (0 events):
No events

Internal exceptions (0 events):
No events

VM Operations (0 events):
No events

Events (1 events):
Event: 0.017 Loaded shared library C:\Program Files\Java\jdk-17\bin\java.dll


Dynamic libraries:
0x00007ff7b7760000 - 0x00007ff7b7770000 	C:\Program Files\Java\jdk-17\bin\java.exe
0x00007fff9dfc0000 - 0x00007fff9e223000 	C:\WINDOWS\SYSTEM32\ntdll.dll
0x00007fff9ca00000 - 0x00007fff9cac8000 	C:\WINDOWS\System32\KERNEL32.DLL
0x00007fff9b440000 - 0x00007fff9b7f2000 	C:\WINDOWS\System32\KERNELBASE.dll
0x00007fff9b9c0000 - 0x00007fff9bb0b000 	C:\WINDOWS\System32\ucrtbase.dll
0x00007fff93480000 - 0x00007fff9349b000 	C:\Program Files\Java\jdk-17\bin\VCRUNTIME140.dll
0x00007fff96f30000 - 0x00007fff96f49000 	C:\Program Files\Java\jdk-17\bin\jli.dll
0x00007fff9d930000 - 0x00007fff9d9e4000 	C:\WINDOWS\System32\ADVAPI32.dll
0x00007fff9d880000 - 0x00007fff9d929000 	C:\WINDOWS\System32\msvcrt.dll
0x00007fff9da80000 - 0x00007fff9db26000 	C:\WINDOWS\System32\sechost.dll
0x00007fff9db30000 - 0x00007fff9dc46000 	C:\WINDOWS\System32\RPCRT4.dll
0x00007fff9c4a0000 - 0x00007fff9c668000 	C:\WINDOWS\System32\USER32.dll
0x00007fff7bff0000 - 0x00007fff7c280000 	C:\WINDOWS\WinSxS\amd64_microsoft.windows.common-controls_6595b64144ccf1df_6.0.26100.2454_none_3e0b68a2e331ad60\COMCTL32.dll
0x00007fff9bdf0000 - 0x00007fff9be17000 	C:\WINDOWS\System32\win32u.dll
0x00007fff9da50000 - 0x00007fff9da7a000 	C:\WINDOWS\System32\GDI32.dll
0x00007fff9b800000 - 0x00007fff9b92b000 	C:\WINDOWS\System32\gdi32full.dll
0x00007fff9b390000 - 0x00007fff9b433000 	C:\WINDOWS\System32\msvcp_win.dll
0x00007fff961e0000 - 0x00007fff961eb000 	C:\WINDOWS\SYSTEM32\VERSION.dll
0x00007fff9d9f0000 - 0x00007fff9da1f000 	C:\WINDOWS\System32\IMM32.DLL
0x00007fff97ff0000 - 0x00007fff97ffc000 	C:\Program Files\Java\jdk-17\bin\vcruntime140_1.dll
0x00007fff6e5a0000 - 0x00007fff6e62e000 	C:\Program Files\Java\jdk-17\bin\msvcp140.dll
0x00007fff3d7a0000 - 0x00007fff3e37f000 	C:\Program Files\Java\jdk-17\bin\server\jvm.dll
0x00007fff9d870000 - 0x00007fff9d878000 	C:\WINDOWS\System32\PSAPI.DLL
0x00007fff75870000 - 0x00007fff7587a000 	C:\WINDOWS\SYSTEM32\WSOCK32.dll
0x00007fff7f190000 - 0x00007fff7f1c6000 	C:\WINDOWS\SYSTEM32\WINMM.dll
0x00007fff9c890000 - 0x00007fff9c904000 	C:\WINDOWS\System32\WS2_32.dll
0x00007fff9a1a0000 - 0x00007fff9a1ba000 	C:\WINDOWS\SYSTEM32\kernel.appcore.dll
0x00007fff93470000 - 0x00007fff9347a000 	C:\Program Files\Java\jdk-17\bin\jimage.dll
0x00007fff80ba0000 - 0x00007fff80de1000 	C:\WINDOWS\SYSTEM32\DBGHELP.DLL
0x00007fff9c080000 - 0x00007fff9c3fe000 	C:\WINDOWS\System32\combase.dll
0x00007fff9c920000 - 0x00007fff9c9f6000 	C:\WINDOWS\System32\OLEAUT32.dll
0x00007fff771f0000 - 0x00007fff77229000 	C:\WINDOWS\SYSTEM32\dbgcore.DLL
0x00007fff9bd50000 - 0x00007fff9bde9000 	C:\WINDOWS\System32\bcryptPrimitives.dll
0x00007fff93460000 - 0x00007fff9346e000 	C:\Program Files\Java\jdk-17\bin\instrument.dll
0x00007fff93430000 - 0x00007fff93455000 	C:\Program Files\Java\jdk-17\bin\java.dll

dbghelp: loaded successfully - version: 4.0.5 - missing functions: none
symbol engine: initialized successfully - sym options: 0x614 - pdb path: .;C:\Program Files\Java\jdk-17\bin;C:\WINDOWS\SYSTEM32;C:\WINDOWS\WinSxS\amd64_microsoft.windows.common-controls_6595b64144ccf1df_6.0.26100.2454_none_3e0b68a2e331ad60;C:\Program Files\Java\jdk-17\bin\server

VM Arguments:
jvm_args: -javaagent:C:\Program Files\JetBrains\IntelliJ IDEA Community Edition 2024.3\lib\idea_rt.jar=53706:C:\Program Files\JetBrains\IntelliJ IDEA Community Edition 2024.3\bin -Dfile.encoding=UTF-8 
java_command: com.example.MappingdecApplication
java_class_path (initial): F:\er-diagram-dec\mappingdec\target\classes;C:\Users\kalim\.m2\repository\org\springframework\boot\spring-boot-starter-data-jpa\3.4.0\spring-boot-starter-data-jpa-3.4.0.jar;C:\Users\kalim\.m2\repository\org\springframework\boot\spring-boot-starter\3.4.0\spring-boot-starter-3.4.0.jar;C:\Users\kalim\.m2\repository\org\springframework\boot\spring-boot\3.4.0\spring-boot-3.4.0.jar;C:\Users\kalim\.m2\repository\org\springframework\boot\spring-boot-autoconfigure\3.4.0\spring-boot-autoconfigure-3.4.0.jar;C:\Users\kalim\.m2\repository\org\springframework\boot\spring-boot-starter-logging\3.4.0\spring-boot-starter-logging-3.4.0.jar;C:\Users\kalim\.m2\repository\ch\qos\logback\logback-classic\1.5.12\logback-classic-1.5.12.jar;C:\Users\kalim\.m2\repository\ch\qos\logback\logback-core\1.5.12\logback-core-1.5.12.jar;C:\Users\kalim\.m2\repository\org\apache\logging\log4j\log4j-to-slf4j\2.24.1\log4j-to-slf4j-2.24.1.jar;C:\Users\kalim\.m2\repository\org\apache\logging\log4j\log4j-api\2.24.1\log4j-api-2.24.1.jar;C:\Users\kalim\.m2\repository\org\slf4j\jul-to-slf4j\2.0.16\jul-to-slf4j-2.0.16.jar;C:\Users\kalim\.m2\repository\jakarta\annotation\jakarta.annotation-api\2.1.1\jakarta.annotation-api-2.1.1.jar;C:\Users\kalim\.m2\repository\org\yaml\snakeyaml\2.3\snakeyaml-2.3.jar;C:\Users\kalim\.m2\repository\org\springframework\boot\spring-boot-starter-jdbc\3.4.0\spring-boot-starter-jdbc-3.4.0.jar;C:\Users\kalim\.m2\repository\com\zaxxer\HikariCP\5.1.0\HikariCP-5.1.0.jar;C:\Users\kalim\.m2\repository\org\springframework\spring-jdbc\6.2.0\spring-jdbc-6.2.0.jar;C:\Users\kalim\.m2\repository\org\hibernate\orm\hibernate-core\6.6.2.Final\hibernate-core-6.6.2.Final.jar;C:\Users\kalim\.m2\repository\jakarta\persistence\jakarta.persistence-api\3.1.0\jakarta.persistence-api-3.1.0.jar;C:\Users\kalim\.m2\repository\jakarta\transaction\jakarta.transaction-api\2.0.1\jakarta.transaction-api-2.0.1.jar;C:\Users\kalim\.m2\repository\org\jboss\logging\jboss-logging\3.6.1.Final\jb
Launcher Type: SUN_STANDARD

[Global flags]
     intx CICompilerCount                          = 4                                         {product} {ergonomic}
     uint ConcGCThreads                            = 2                                         {product} {ergonomic}
     uint G1ConcRefinementThreads                  = 8                                         {product} {ergonomic}
   size_t G1HeapRegionSize                         = 1048576                                   {product} {ergonomic}
    uintx GCDrainStackTargetSize                   = 64                                        {product} {ergonomic}
   size_t InitialHeapSize                          = 65011712                                  {product} {ergonomic}
   size_t MarkStackSize                            = 4194304                                   {product} {ergonomic}
   size_t MaxHeapSize                              = 1023410176                                {product} {ergonomic}
   size_t MinHeapDeltaBytes                        = 1048576                                   {product} {ergonomic}
   size_t MinHeapSize                              = 8388608                                   {product} {ergonomic}
    uintx NonNMethodCodeHeapSize                   = 5839372                                {pd product} {ergonomic}
    uintx NonProfiledCodeHeapSize                  = 122909434                              {pd product} {ergonomic}
    uintx ProfiledCodeHeapSize                     = 122909434                              {pd product} {ergonomic}
    uintx ReservedCodeCacheSize                    = 251658240                              {pd product} {ergonomic}
     bool SegmentedCodeCache                       = true                                      {product} {ergonomic}
   size_t SoftMaxHeapSize                          = 1023410176                             {manageable} {ergonomic}
     bool UseCompressedClassPointers               = true                           {product lp64_product} {ergonomic}
     bool UseCompressedOops                        = true                           {product lp64_product} {ergonomic}
     bool UseG1GC                                  = true                                      {product} {ergonomic}
     bool UseLargePagesIndividualAllocation        = false                                  {pd product} {ergonomic}

Logging:
Log output configuration:
 #0: stdout all=warning uptime,level,tags
 #1: stderr all=off uptime,level,tags

Environment Variables:
CLASSPATH=C:\oraclexe\app\oracle\product\11.2.0\server\jdbc\lib\ojdbc6.jar;%classpath%;.;
PATH=C:\ProgramData\Oracle\Java\javapath;C:\Program Files\Common Files\Oracle\Java\javapath;C:\oraclexe\app\oracle\product\11.2.0\server\bin;C:\Program Files\Git\cmd;C:\Program Files\Git\mingw64\bin;C:\Program Files\Git\usr\bin;C:\Windows\System32;C:\Program Files\nodejs\;C:\Program Files\Docker\Docker\resources\bin;C:\WINDOWS\system32;C:\WINDOWS;C:\WINDOWS\System32\Wbem;C:\WINDOWS\System32\WindowsPowerShell\v1.0\;C:\WINDOWS\System32\OpenSSH\;C:\Program Files\MySQL\MySQL Server 8.0\bin;C:\Users\kalim\AppData\Local\Programs\Python\Python312\Scripts;C:\Users\kalim\AppData\Local\Programs\Python\Python312;C:\Users\kalim\AppData\Local\Programs\Python\Python312\Scripts\django-admin.exe;C:\Program Files (x86)\Common Files\Oracle\Java\javapath;%JAVA_HOME%\BIN;C:\Program Files\Common Files\Oracle\Java\javapath;C:\Program Files\MySQL\MySQL Shell 8.0\bin\;C:\Users\kalim\AppData\Local\Programs\Python\Python312\Scripts\;C:\Users\kalim\AppData\Local\Programs\Microsoft VS Code\bin;C:\Users\kalim\AppData\Roaming\npm;C:\Program Files\nodejs;C:\Users\kalim\AppData\Local\Microsoft\WindowsApps;C:\Users\kalim\AppData\Local\Programs\Python\Python312;
USERNAME=kalim
OS=Windows_NT
PROCESSOR_IDENTIFIER=Intel64 Family 6 Model 142 Stepping 12, GenuineIntel



---------------  S Y S T E M  ---------------

OS:
 Windows 11 , 64 bit Build 26100 (10.0.26100.2454)
OS uptime: 0 days 7:43 hours
Hyper-V role detected

CPU: total 8 (initial active 8) (4 cores per cpu, 2 threads per core) family 6 model 142 stepping 12 microcode 0xfa, cx8, cmov, fxsr, ht, mmx, 3dnowpref, sse, sse2, sse3, ssse3, sse4.1, sse4.2, popcnt, lzcnt, tsc, tscinvbit, avx, avx2, aes, erms, clmul, bmi1, bmi2, adx, fma, vzeroupper, clflush, clflushopt, hv

Memory: 4k page, system-wide physical 3899M (195M free)
TotalPageFile size 14139M (AvailPageFile size 9M)
current process WorkingSet (physical memory assigned to process): 11M, peak: 11M
current process commit charge ("private bytes"): 13M, peak: 14M

vm_info: Java HotSpot(TM) 64-Bit Server VM (17.0.10+11-LTS-240) for windows-amd64 JRE (17.0.10+11-LTS-240), built on Dec 19 2023 21:47:25 by "mach5one" with MS VC++ 17.1 (VS2022)

END.
